2026-03-09 18:15:04 INFO  utils.Log - Opening the browser.
2026-03-09 18:16:39 INFO  utils.Log - Opening the browser.
2026-03-09 18:16:43 INFO  utils.Log - Starting Registration.
2026-03-09 18:16:43 INFO  utils.Log - Adding info...
2026-03-09 18:16:44 INFO  utils.Log - Generated Username: user_72QFB
2026-03-09 18:17:36 INFO  utils.Log - Opening the browser.
2026-03-09 18:17:40 INFO  utils.Log - Starting Registration.
2026-03-09 18:17:40 INFO  utils.Log - Adding info...
2026-03-09 18:17:41 INFO  utils.Log - Generated Username: user_uhI0z
2026-03-09 18:17:41 INFO  utils.Log - Show password: Test@123
2026-03-10 10:02:16 INFO  utils.Log - Opening the browser.
2026-03-10 10:02:24 INFO  utils.Log - Starting Registration.
2026-03-10 10:02:24 INFO  utils.Log - Adding info...
2026-03-10 10:02:26 INFO  utils.Log - Generated Username: user_gQLox
2026-03-10 10:02:26 INFO  utils.Log - Show password: Test@123
2026-03-10 10:02:27 INFO  utils.Log - Registration Completed!!!
2026-03-10 10:03:31 INFO  utils.Log - Opening the browser.
2026-03-10 10:03:36 INFO  utils.Log - Starting Registration.
2026-03-10 10:03:36 INFO  utils.Log - Adding info...
2026-03-10 10:03:37 INFO  utils.Log - Generated Username: user_CGQZS
2026-03-10 10:03:37 INFO  utils.Log - Show password: Test@123
2026-03-10 10:03:38 INFO  utils.Log - Registration Completed!!!
2026-03-10 10:04:45 INFO  utils.Log - Opening the browser.
2026-03-10 10:04:50 INFO  utils.Log - Starting Registration.
2026-03-10 10:04:50 INFO  utils.Log - Adding info...
2026-03-10 10:04:51 INFO  utils.Log - Generated Username: user_wbQYC
2026-03-10 10:04:51 INFO  utils.Log - Show password: Test@123
2026-03-10 10:04:52 INFO  utils.Log - Registration Completed!!!
2026-03-10 10:12:32 INFO  utils.Log - Opening the browser.
2026-03-10 10:12:38 INFO  utils.Log - Starting Registration.
2026-03-10 10:12:38 INFO  utils.Log - Adding info...
2026-03-10 10:12:39 INFO  utils.Log - Generated Username: user_OEjw2
2026-03-10 10:12:39 INFO  utils.Log - Show password: Test@123
2026-03-10 10:22:02 INFO  utils.Log - Opening the browser.
2026-03-10 10:22:08 INFO  utils.Log - Starting Registration.
2026-03-10 10:22:08 INFO  utils.Log - Adding info...
2026-03-10 10:22:09 INFO  utils.Log - Generated Username: user_DbZM3
2026-03-10 10:22:09 INFO  utils.Log - Show password: Test@123
2026-03-10 10:22:10 INFO  utils.Log - Verified
2026-03-10 10:22:10 INFO  utils.Log - Registration Completed!!!
2026-03-10 10:27:54 INFO  utils.Log - Opening the browser.
2026-03-10 10:39:49 INFO  utils.Log - Opening the browser.
2026-03-10 10:39:55 INFO  utils.Log - Starting Registration.
2026-03-10 10:39:55 INFO  utils.Log - Adding info...
2026-03-10 10:39:56 INFO  utils.Log - Generated Username: user_sUfqq
2026-03-10 10:39:56 INFO  utils.Log - Show password: Test@123
2026-03-10 10:39:57 INFO  utils.Log - Verified
2026-03-10 10:39:57 INFO  utils.Log - Registration Completed!!!
2026-03-10 10:39:57 INFO  utils.Log - Opening the browser.
2026-03-10 10:45:17 INFO  utils.Log - Opening the browser.
2026-03-10 10:45:23 INFO  utils.Log - Starting Registration.
2026-03-10 10:45:23 INFO  utils.Log - Adding info...
2026-03-10 10:45:24 INFO  utils.Log - Generated Username: user_M1PKd
2026-03-10 10:45:24 INFO  utils.Log - Show password: Test@123
2026-03-10 10:45:26 INFO  utils.Log - Verified
2026-03-10 10:45:26 INFO  utils.Log - Registration Completed!!!
2026-03-10 10:45:26 INFO  utils.Log - Opening the browser.
2026-03-10 10:49:19 INFO  utils.Log - Opening the browser.
2026-03-10 10:49:24 INFO  utils.Log - Starting Registration.
2026-03-10 10:49:24 INFO  utils.Log - Adding info...
2026-03-10 10:49:26 INFO  utils.Log - Generated Username: user_d6bOy
2026-03-10 10:49:26 INFO  utils.Log - Show password: Test@123
2026-03-10 10:49:27 INFO  utils.Log - Verified
2026-03-10 10:49:27 INFO  utils.Log - Registration Completed!!!
2026-03-10 10:49:27 INFO  utils.Log - Opening the browser.
2026-03-10 10:53:27 INFO  utils.Log - Opening the browser.
2026-03-10 10:53:33 INFO  utils.Log - Starting Registration.
2026-03-10 10:53:33 INFO  utils.Log - Adding info...
2026-03-10 10:53:34 INFO  utils.Log - Generated Username: user_wFwLF
2026-03-10 10:53:34 INFO  utils.Log - Show password: Test@123
2026-03-10 10:53:35 INFO  utils.Log - Verified
2026-03-10 10:53:35 INFO  utils.Log - Registration Completed!!!
2026-03-10 10:53:35 INFO  utils.Log - Opening the browser.
2026-03-10 10:55:14 INFO  utils.Log - Opening the browser.
2026-03-10 10:55:19 INFO  utils.Log - Starting Registration.
2026-03-10 10:55:19 INFO  utils.Log - Adding info...
2026-03-10 10:55:21 INFO  utils.Log - Generated Username: user_Ft6hR
2026-03-10 10:55:21 INFO  utils.Log - Show password: Test@123
2026-03-10 10:55:23 INFO  utils.Log - Verified
2026-03-10 10:55:23 INFO  utils.Log - Registration Completed!!!
2026-03-10 10:55:23 INFO  utils.Log - Opening the browser.
2026-03-10 11:06:45 INFO  utils.Log - Opening the browser.
2026-03-10 11:06:51 INFO  utils.Log - Starting Registration.
2026-03-10 11:06:51 INFO  utils.Log - Adding info...
2026-03-10 11:06:52 INFO  utils.Log - Generated Username: user_SwSM7
2026-03-10 11:06:52 INFO  utils.Log - Show password: Test@123
2026-03-10 11:06:54 INFO  utils.Log - Verified
2026-03-10 11:06:54 INFO  utils.Log - Registration Completed!!!
2026-03-10 11:06:54 INFO  utils.Log - Opening the browser.
2026-03-10 11:06:56 INFO  utils.Log - Starting Registration.
2026-03-10 11:06:56 INFO  utils.Log - Adding info...
2026-03-10 11:08:29 INFO  utils.Log - Opening the browser.
2026-03-10 11:08:35 INFO  utils.Log - Starting Registration.
2026-03-10 11:08:35 INFO  utils.Log - Adding info...
2026-03-10 11:08:36 INFO  utils.Log - Generated Username: user_0nDV2
2026-03-10 11:08:36 INFO  utils.Log - Show password: Test@123
2026-03-10 11:08:38 INFO  utils.Log - Verified
2026-03-10 11:08:38 INFO  utils.Log - Registration Completed!!!
2026-03-10 11:08:38 INFO  utils.Log - Starting Registration.
2026-03-10 11:08:38 INFO  utils.Log - Adding info...
2026-03-10 11:09:40 INFO  utils.Log - Opening the browser.
2026-03-10 11:09:45 INFO  utils.Log - Starting Registration.
2026-03-10 11:09:45 INFO  utils.Log - Adding info...
2026-03-10 11:09:47 INFO  utils.Log - Generated Username: user_tyUqK
2026-03-10 11:09:47 INFO  utils.Log - Show password: Test@123
2026-03-10 11:09:48 INFO  utils.Log - Verified
2026-03-10 11:09:48 INFO  utils.Log - Registration Completed!!!
2026-03-10 11:18:02 INFO  utils.Log - Opening the browser.
2026-03-10 11:19:32 INFO  utils.Log - Opening the browser.
2026-03-10 11:19:37 INFO  utils.Log - Starting Registration.
2026-03-10 11:19:37 INFO  utils.Log - Adding info...
2026-03-10 11:19:38 INFO  utils.Log - Generated Username: user_4abEr
2026-03-10 11:19:38 INFO  utils.Log - Show password: Test@123
2026-03-10 11:19:40 INFO  utils.Log - Verified
2026-03-10 11:19:40 INFO  utils.Log - Registration Completed!!!
2026-03-10 11:39:46 INFO  utils.Log - Opening the browser.
2026-03-10 11:39:52 INFO  utils.Log - Starting Registration.
2026-03-10 11:39:52 INFO  utils.Log - Adding info...
2026-03-10 11:39:53 INFO  utils.Log - Generated Username: user_0e4VB
2026-03-10 11:39:53 INFO  utils.Log - Show password: Test@123
2026-03-10 11:39:54 INFO  utils.Log - Verified
2026-03-10 11:39:54 INFO  utils.Log - Registration Completed!!!
2026-03-10 11:39:54 INFO  utils.Log - Starting Logout Test.
2026-03-10 11:39:55 INFO  utils.Log - Logged Out...
2026-03-10 11:39:55 INFO  utils.Log - Starting Login Test.
2026-03-10 11:39:56 INFO  utils.Log - Login Username: user_0e4VB
2026-03-10 11:39:56 INFO  utils.Log - Login Password: Test@123
2026-03-10 11:39:57 INFO  utils.Log - Browser Closed :)
2026-03-10 11:41:31 INFO  utils.Log - Opening the browser.
2026-03-10 11:41:36 INFO  utils.Log - Starting Registration.
2026-03-10 11:41:36 INFO  utils.Log - Adding info...
2026-03-10 11:41:38 INFO  utils.Log - Generated Username: user_PTY0b
2026-03-10 11:41:38 INFO  utils.Log - Show password: Test@123
2026-03-10 11:41:39 INFO  utils.Log - Verified
2026-03-10 11:41:39 INFO  utils.Log - Registration Completed!!!
2026-03-10 11:41:39 INFO  utils.Log - Starting Logout Test.
2026-03-10 11:41:40 INFO  utils.Log - Logged Out...
2026-03-10 11:41:40 INFO  utils.Log - Starting Login Test.
2026-03-10 11:41:41 INFO  utils.Log - Login Username: user_PTY0b
2026-03-10 11:41:41 INFO  utils.Log - Login Password: Test@123
2026-03-10 11:41:41 INFO  utils.Log - Successfully Logged In :)
2026-03-10 11:45:39 INFO  utils.Log - Opening the browser.
2026-03-10 11:45:44 INFO  utils.Log - Starting Registration.
2026-03-10 11:45:44 INFO  utils.Log - Adding info...
2026-03-10 11:45:46 INFO  utils.Log - Generated Username: user_NJLTi
2026-03-10 11:45:46 INFO  utils.Log - Show password: Test@123
2026-03-10 11:45:47 INFO  utils.Log - Verified
2026-03-10 11:45:47 INFO  utils.Log - Registration Completed!!!
2026-03-10 11:45:47 INFO  utils.Log - Starting Logout Test.
2026-03-10 11:45:48 INFO  utils.Log - Logged Out...
2026-03-10 11:45:48 INFO  utils.Log - Starting Login Test.
2026-03-10 11:45:52 INFO  utils.Log - Login Username: user_NJLTi
2026-03-10 11:45:52 INFO  utils.Log - Login Password: Test@123
2026-03-10 11:45:52 INFO  utils.Log - Successfully Logged In :)
2026-03-10 11:47:01 INFO  utils.Log - Opening the browser.
2026-03-10 11:47:06 INFO  utils.Log - Starting Registration.
2026-03-10 11:47:06 INFO  utils.Log - Adding info...
2026-03-10 11:47:07 INFO  utils.Log - Generated Username: user_snYP0
2026-03-10 11:47:07 INFO  utils.Log - Show password: Test@123
2026-03-10 11:47:09 INFO  utils.Log - Verified
2026-03-10 11:47:09 INFO  utils.Log - Registration Completed!!!
2026-03-10 11:47:09 INFO  utils.Log - Starting Logout Test.
2026-03-10 11:47:10 INFO  utils.Log - Logged Out...
2026-03-10 11:55:16 INFO  utils.Log - Opening the browser.
2026-03-10 11:55:22 INFO  utils.Log - Starting Registration.
2026-03-10 11:55:22 INFO  utils.Log - Adding info...
2026-03-10 11:55:23 INFO  utils.Log - Generated Username: user_XeXvu
2026-03-10 11:55:23 INFO  utils.Log - Show password: Test@123
2026-03-10 11:55:24 INFO  utils.Log - Verified
2026-03-10 11:55:24 INFO  utils.Log - Registration Completed!!!
2026-03-10 11:55:24 INFO  utils.Log - Starting Logout Test.
2026-03-10 11:55:25 INFO  utils.Log - Logged Out...
2026-03-10 11:55:25 INFO  utils.Log - Starting Login Test.
2026-03-10 11:55:26 INFO  utils.Log - Login Username: user_XeXvu
2026-03-10 11:55:26 INFO  utils.Log - Login Password: Test@123
2026-03-10 11:55:26 INFO  utils.Log - Successfully Logged In :)
2026-03-10 11:56:38 INFO  utils.Log - Opening the browser.
2026-03-10 11:56:43 INFO  utils.Log - Starting Registration.
2026-03-10 11:56:43 INFO  utils.Log - Adding info...
2026-03-10 11:56:44 INFO  utils.Log - Generated Username: user_j2gkv
2026-03-10 11:56:44 INFO  utils.Log - Show password: Test@123
2026-03-10 11:56:46 INFO  utils.Log - Verified
2026-03-10 11:56:46 INFO  utils.Log - Registration Completed!!!
2026-03-10 11:56:46 INFO  utils.Log - Starting Logout Test.
2026-03-10 11:56:46 INFO  utils.Log - Logged Out...
2026-03-10 11:56:46 INFO  utils.Log - Starting Login Test.
2026-03-10 11:56:56 INFO  utils.Log - Login Username: user_j2gkv
2026-03-10 11:56:56 INFO  utils.Log - Login Password: Test@123
2026-03-10 11:56:56 INFO  utils.Log - Successfully Logged In :)
2026-03-10 12:04:37 INFO  utils.Log - Opening the browser.
2026-03-10 12:04:42 INFO  utils.Log - Starting Registration.
2026-03-10 12:04:42 INFO  utils.Log - Adding info...
2026-03-10 12:04:43 INFO  utils.Log - Generated Username: user_2dMxC
2026-03-10 12:04:43 INFO  utils.Log - Show password: Test@123
2026-03-10 12:04:44 INFO  utils.Log - Verified
2026-03-10 12:04:44 INFO  utils.Log - Registration Completed!!!
2026-03-10 12:04:44 INFO  utils.Log - Starting Logout Test.
2026-03-10 12:04:45 INFO  utils.Log - Logged Out...
2026-03-10 12:04:45 INFO  utils.Log - Starting Login Test.
2026-03-10 12:04:46 INFO  utils.Log - Login Username: user_2dMxC
2026-03-10 12:04:46 INFO  utils.Log - Login Password: Test@123
2026-03-10 12:04:46 INFO  utils.Log - Successfully Logged In :)
2026-03-10 12:06:08 INFO  utils.Log - Opening the browser.
2026-03-10 12:06:13 INFO  utils.Log - Starting Registration.
2026-03-10 12:06:13 INFO  utils.Log - Adding info...
2026-03-10 12:06:14 INFO  utils.Log - Generated Username: user_Phi7f
2026-03-10 12:06:14 INFO  utils.Log - Show password: Test@123
2026-03-10 12:06:15 INFO  utils.Log - Verified
2026-03-10 12:06:15 INFO  utils.Log - Registration Completed!!!
2026-03-10 12:06:15 INFO  utils.Log - Starting Logout Test.
2026-03-10 12:06:16 INFO  utils.Log - Logged Out...
2026-03-10 12:06:16 INFO  utils.Log - Starting Login Test.
2026-03-10 12:06:18 INFO  utils.Log - Login Username: user_Phi7f
2026-03-10 12:06:18 INFO  utils.Log - Login Password: Test@123
2026-03-10 12:06:18 INFO  utils.Log - Successfully Logged In :)
2026-03-10 12:07:33 INFO  utils.Log - Opening the browser.
2026-03-10 12:07:39 INFO  utils.Log - Starting Registration.
2026-03-10 12:07:39 INFO  utils.Log - Adding info...
2026-03-10 12:07:41 INFO  utils.Log - Generated Username: user_9B9O4
2026-03-10 12:07:41 INFO  utils.Log - Show password: Test@123
2026-03-10 12:07:42 INFO  utils.Log - Verified
2026-03-10 12:07:42 INFO  utils.Log - Registration Completed!!!
2026-03-10 12:07:42 INFO  utils.Log - Starting Logout Test.
2026-03-10 12:07:43 INFO  utils.Log - Logged Out...
2026-03-10 12:07:43 INFO  utils.Log - Starting Login Test.
2026-03-10 12:07:44 INFO  utils.Log - Login Username: user_9B9O4
2026-03-10 12:07:44 INFO  utils.Log - Login Password: Test@123
2026-03-10 12:07:44 INFO  utils.Log - Successfully Logged In :)
2026-03-10 12:07:45 INFO  utils.Log - Browser Closed :)
2026-03-10 12:12:11 INFO  utils.Log - Opening the browser.
2026-03-10 12:12:17 INFO  utils.Log - Starting Registration.
2026-03-10 12:12:17 INFO  utils.Log - Adding info...
2026-03-10 12:12:18 INFO  utils.Log - Generated Username: user_eCn0A
2026-03-10 12:12:18 INFO  utils.Log - Show password: Test@123
2026-03-10 12:12:19 INFO  utils.Log - Verified
2026-03-10 12:12:19 INFO  utils.Log - Registration Completed!!!
2026-03-10 12:12:19 INFO  utils.Log - Starting Logout Test.
2026-03-10 12:12:20 INFO  utils.Log - Logged Out...
2026-03-10 12:12:20 INFO  utils.Log - Starting Login Test.
2026-03-10 12:12:21 INFO  utils.Log - Login Username: user_eCn0A
2026-03-10 12:12:21 INFO  utils.Log - Login Password: Test@123
2026-03-10 12:12:22 INFO  utils.Log - Successfully Logged In :)
2026-03-10 12:12:22 INFO  utils.Log - Browser Closed :)
2026-03-10 12:40:58 INFO  utils.Log - Opening the browser.
2026-03-10 12:41:03 INFO  utils.Log - Starting Registration.
2026-03-10 12:41:03 INFO  utils.Log - Adding info...
2026-03-10 12:41:04 INFO  utils.Log - Generated Username: user_I8iOw
2026-03-10 12:41:04 INFO  utils.Log - Show password: Test@123
2026-03-10 12:41:05 INFO  utils.Log - Verified
2026-03-10 12:41:05 INFO  utils.Log - Registration Completed!!!
2026-03-10 12:41:05 INFO  utils.Log - Starting Logout Test.
2026-03-10 12:41:06 INFO  utils.Log - Logged Out...
2026-03-10 12:41:06 INFO  utils.Log - Starting Login Test.
2026-03-10 12:41:07 INFO  utils.Log - Login Username: user_I8iOw
2026-03-10 12:41:07 INFO  utils.Log - Login Password: Test@123
2026-03-10 12:41:07 INFO  utils.Log - Successfully Logged In :)
2026-03-10 12:41:09 INFO  utils.Log - Browser Closed :)
2026-03-10 13:00:32 INFO  utils.Log - Opening the browser.
2026-03-10 13:00:38 INFO  utils.Log - Starting Registration.
2026-03-10 13:00:38 INFO  utils.Log - Adding info...
2026-03-10 13:00:39 INFO  utils.Log - Generated Username: user_iDmdD
2026-03-10 13:00:39 INFO  utils.Log - Show password: Test@123
2026-03-10 13:00:40 INFO  utils.Log - Verified
2026-03-10 13:00:40 INFO  utils.Log - Registration Completed!!!
2026-03-10 13:00:40 INFO  utils.Log - Starting Logout Test.
2026-03-10 13:00:41 INFO  utils.Log - Logged Out...
2026-03-10 13:00:41 INFO  utils.Log - Starting Login Test.
2026-03-10 13:00:43 INFO  utils.Log - Login Username: user_iDmdD
2026-03-10 13:00:43 INFO  utils.Log - Login Password: Test@123
2026-03-10 13:00:43 INFO  utils.Log - Successfully Logged In :)
2026-03-10 13:00:44 INFO  utils.Log - Browser Closed :)
2026-03-10 15:46:02 INFO  utils.Log - Opening the browser.
2026-03-10 15:46:08 INFO  utils.Log - Starting Registration.
2026-03-10 15:46:08 INFO  utils.Log - Adding info...
2026-03-10 15:46:10 INFO  utils.Log - Generated Username: user_9jjn8
2026-03-10 15:46:10 INFO  utils.Log - Show password: Test@123
2026-03-10 15:46:11 INFO  utils.Log - Verified
2026-03-10 15:46:11 INFO  utils.Log - Registration Completed!!!
2026-03-10 15:46:11 INFO  utils.Log - Starting Logout Test.
2026-03-10 15:46:12 INFO  utils.Log - Logged Out...
2026-03-10 15:46:12 INFO  utils.Log - Starting Login Test.
2026-03-10 15:46:14 INFO  utils.Log - Login Username: user_9jjn8
2026-03-10 15:46:14 INFO  utils.Log - Login Password: Test@123
2026-03-10 15:46:14 INFO  utils.Log - Successfully Logged In :)
2026-03-10 15:46:15 INFO  utils.Log - Browser Closed :)
2026-03-10 15:51:04 INFO  utils.Log - Opening the browser.
2026-03-10 15:51:10 INFO  utils.Log - Starting Registration.
2026-03-10 15:51:10 INFO  utils.Log - Adding info...
2026-03-10 15:51:11 INFO  utils.Log - Generated Username: user_hTpue
2026-03-10 15:51:11 INFO  utils.Log - Show password: Test@123
2026-03-10 15:51:13 INFO  utils.Log - Verified
2026-03-10 15:51:13 INFO  utils.Log - Registration Completed!!!
2026-03-10 15:51:13 INFO  utils.Log - Starting Logout Test.
2026-03-10 15:51:15 INFO  utils.Log - Logged Out...
2026-03-10 15:51:15 INFO  utils.Log - Starting Login Test.
2026-03-10 15:51:16 INFO  utils.Log - Login Username: user_hTpue
2026-03-10 15:51:16 INFO  utils.Log - Login Password: Test@123
2026-03-10 15:51:16 INFO  utils.Log - Successfully Logged In :)
2026-03-10 15:51:17 INFO  utils.Log - Browser Closed :)
